{"/Users/trinayau/Documents/Futureproof/Week 2/Day 5/expressexercise/app.js": {"path":"/Users/trinayau/Documents/Futureproof/Week 2/Day 5/expressexercise/app.js","statementMap":{"0":{"start":{"line":1,"column":16},"end":{"line":1,"column":34}},"1":{"start":{"line":2,"column":12},"end":{"line":2,"column":21}},"2":{"start":{"line":3,"column":13},"end":{"line":3,"column":28}},"3":{"start":{"line":4,"column":17},"end":{"line":4,"column":39}},"4":{"start":{"line":6,"column":13},"end":{"line":10,"column":1}},"5":{"start":{"line":12,"column":0},"end":{"line":12,"column":21}},"6":{"start":{"line":14,"column":16},"end":{"line":14,"column":33}},"7":{"start":{"line":15,"column":0},"end":{"line":15,"column":24}},"8":{"start":{"line":17,"column":0},"end":{"line":17,"column":16}},"9":{"start":{"line":21,"column":0},"end":{"line":23,"column":3}},"10":{"start":{"line":22,"column":4},"end":{"line":22,"column":22}},"11":{"start":{"line":26,"column":0},"end":{"line":28,"column":3}},"12":{"start":{"line":27,"column":4},"end":{"line":27,"column":18}},"13":{"start":{"line":30,"column":0},"end":{"line":35,"column":3}},"14":{"start":{"line":31,"column":4},"end":{"line":31,"column":27}},"15":{"start":{"line":32,"column":18},"end":{"line":32,"column":35}},"16":{"start":{"line":33,"column":24},"end":{"line":33,"column":35}},"17":{"start":{"line":34,"column":4},"end":{"line":34,"column":26}},"18":{"start":{"line":37,"column":0},"end":{"line":37,"column":21}}},"fnMap":{"0":{"name":"(anonymous_0)","decl":{"start":{"line":21,"column":13},"end":{"line":21,"column":14}},"loc":{"start":{"line":21,"column":27},"end":{"line":23,"column":1}},"line":21},"1":{"name":"(anonymous_1)","decl":{"start":{"line":26,"column":17},"end":{"line":26,"column":18}},"loc":{"start":{"line":26,"column":31},"end":{"line":28,"column":1}},"line":26},"2":{"name":"(anonymous_2)","decl":{"start":{"line":30,"column":21},"end":{"line":30,"column":22}},"loc":{"start":{"line":30,"column":35},"end":{"line":35,"column":1}},"line":30}},"branchMap":{},"s":{"0":1,"1":1,"2":1,"3":1,"4":1,"5":1,"6":1,"7":1,"8":1,"9":1,"10":1,"11":1,"12":1,"13":1,"14":1,"15":1,"16":1,"17":1,"18":1},"f":{"0":1,"1":1,"2":1},"b":{},"_coverageSchema":"1a1c01bbd47fc00a2c39e90264f33305004495a9","hash":"706c81bf1639d0ea2c0186dd952984f94a01ce61"}
}
